room-runtime/build/intermediates/manifest_merge_blame_file/debug/manifest-merger-blame-debug-report.txt
1<?xml version="1.0" encoding="utf-8"?>
2<!--
3  ~ Copyright (C) 2016 The Android Open Source Project
4  ~
5  ~ Licensed under the Apache License, Version 2.0 (the "License");
6  ~ you may not use this file except in compliance with the License.
7  ~ You may obtain a copy of the License at
8  ~
9  ~      http://www.apache.org/licenses/LICENSE-2.0
10  ~
11  ~ Unless required by applicable law or agreed to in writing, software
12  ~ distributed under the License is distributed on an "AS IS" BASIS,
13  ~ WITHOUT WARRANTIES OR CONDITIONS OF ANY KIND, either express or implied.
14  ~ See the License for the specific language governing permissions and
15  ~ limitations under the License.
16-->
17<manifest xmlns:android="http://schemas.android.com/apk/res/android"
18    package="androidx.room" >
19
20    <uses-sdk android:minSdkVersion="1" />
20-->src/main/AndroidManifest.xml
21
22    <application>
22-->src/main/AndroidManifest.xml:20:5-25:19
23        <service
23-->src/main/AndroidManifest.xml:21:9-24:43
24            android:name="androidx.room.MultiInstanceInvalidationService"
24-->src/main/AndroidManifest.xml:22:17-65
25            android:directBootAware="true"
25-->src/main/AndroidManifest.xml:23:17-47
26            android:exported="false" />
26-->src/main/AndroidManifest.xml:24:17-41
27    </application>
28
29</manifest>